[debug] [2023-12-18T05:27:30.669Z] ----------------------------------------------------------------------
[debug] [2023-12-18T05:27:30.671Z] Command:       C:\Program Files\nodejs\node.exe C:\Users\arman\AppData\Roaming\npm\node_modules\firebase-tools\lib\bin\firebase.js init
[debug] [2023-12-18T05:27:30.671Z] CLI Version:   13.0.2
[debug] [2023-12-18T05:27:30.672Z] Platform:      win32
[debug] [2023-12-18T05:27:30.672Z] Node Version:  v18.16.0
[debug] [2023-12-18T05:27:30.673Z] Time:          Mon Dec 18 2023 10:57:30 GMT+0530 (India Standard Time)
[debug] [2023-12-18T05:27:30.673Z] ----------------------------------------------------------------------
[debug] 
[debug] [2023-12-18T05:27:30.676Z] >>> [apiv2][query] GET https://firebase-public.firebaseio.com/cli.json [none]
[debug] [2023-12-18T05:27:30.716Z] > command requires scopes: ["email","openid","https://www.googleapis.com/auth/cloudplatformprojects.readonly","https://www.googleapis.com/auth/firebase","https://www.googleapis.com/auth/cloud-platform"]
[debug] [2023-12-18T05:27:30.717Z] > authorizing via signed-in user (armanmulaniwork81@gmail.com)
[info] 
     ######## #### ########  ######## ########     ###     ######  ########
     ##        ##  ##     ## ##       ##     ##  ##   ##  ##       ##
     ######    ##  ########  ######   ########  #########  ######  ######
     ##        ##  ##    ##  ##       ##     ## ##     ##       ## ##
     ##       #### ##     ## ######## ########  ##     ##  ######  ########

You're about to initialize a Firebase project in this directory:

  C:\Users\arman\Desktop\study\portfolio

[debug] [2023-12-18T05:27:31.540Z] <<< [apiv2][status] GET https://firebase-public.firebaseio.com/cli.json 200
[debug] [2023-12-18T05:27:31.540Z] <<< [apiv2][body] GET https://firebase-public.firebaseio.com/cli.json {"cloudBuildErrorAfter":1594252800000,"cloudBuildWarnAfter":1590019200000,"defaultNode10After":1594252800000,"minVersion":"3.0.5","node8DeploysDisabledAfter":1613390400000,"node8RuntimeDisabledAfter":1615809600000,"node8WarnAfter":1600128000000}
[info] 
=== Project Setup
[info] 
[info] First, let's associate this project directory with a Firebase project.
[info] You can create multiple project aliases by running firebase use --add, 
[info] but for now we'll just set up a default project.
[info] 
[debug] [2023-12-18T05:28:20.519Z] > refreshing access token with scopes: []
[debug] [2023-12-18T05:28:20.520Z] >>> [apiv2][query] POST https://www.googleapis.com/oauth2/v3/token [none]
[debug] [2023-12-18T05:28:20.520Z] >>> [apiv2][body] POST https://www.googleapis.com/oauth2/v3/token [omitted]
[debug] [2023-12-18T05:28:20.746Z] <<< [apiv2][status] POST https://www.googleapis.com/oauth2/v3/token 200
[debug] [2023-12-18T05:28:20.746Z] <<< [apiv2][body] POST https://www.googleapis.com/oauth2/v3/token [omitted]
[debug] [2023-12-18T05:28:20.762Z] >>> [apiv2][query] GET https://firebase.googleapis.com/v1beta1/projects pageSize=100
[debug] [2023-12-18T05:28:21.358Z] <<< [apiv2][status] GET https://firebase.googleapis.com/v1beta1/projects 200
[debug] [2023-12-18T05:28:21.358Z] <<< [apiv2][body] GET https://firebase.googleapis.com/v1beta1/projects [omitted]
[info] i  Using project portfolio-arman-mulani (portfolio-Arman-Mulani) 
[info] 
=== Hosting Setup
[debug] [2023-12-18T05:28:50.260Z] >>> [apiv2][query] GET https://firebase.googleapis.com/v1beta1/projects/portfolio-arman-mulani [none]
[debug] [2023-12-18T05:28:50.774Z] <<< [apiv2][status] GET https://firebase.googleapis.com/v1beta1/projects/portfolio-arman-mulani 200
[debug] [2023-12-18T05:28:50.775Z] <<< [apiv2][body] GET https://firebase.googleapis.com/v1beta1/projects/portfolio-arman-mulani {"projectId":"portfolio-arman-mulani","projectNumber":"411146772526","displayName":"portfolio-Arman-Mulani","name":"projects/portfolio-arman-mulani","resources":{"hostingSite":"portfolio-arman-mulani"},"state":"ACTIVE","etag":"1_96d19f1c-ce30-4092-aaa0-8b3eb9a4769d"}
[info] 
[info] Your public directory is the folder (relative to your project directory) that
[info] will contain Hosting assets to be uploaded with firebase deploy. If you
[info] have a build process for your assets, use your build's output directory.
[info] 
[info] +  Wrote public/404.html 
[debug] [2023-12-18T05:29:40.697Z] >>> [apiv2][query] GET https://www.gstatic.com/firebasejs/releases.json [none]
[debug] [2023-12-18T05:29:40.840Z] <<< [apiv2][status] GET https://www.gstatic.com/firebasejs/releases.json 200
[debug] [2023-12-18T05:29:40.840Z] <<< [apiv2][body] GET https://www.gstatic.com/firebasejs/releases.json {"current":{"version":"10.7.1","browserURL":"https://www.gstatic.com/firebasejs/10.7.1/firebase.js","packageURL":"https://www.gstatic.com/firebasejs/10.7.1/firebase.tgz"},"live":{"version":"10.7","browserURL":"https://www.gstatic.com/firebasejs/live/10.7/firebase.js","packageURL":"https://www.gstatic.com/firebasejs/live/10.7/firebase.tgz"},"components":{"analytics":"https://www.gstatic.com/firebasejs/10.7.1/firebase-analytics.js","app":"https://www.gstatic.com/firebasejs/10.7.1/firebase-app.js","app-check":"https://www.gstatic.com/firebasejs/10.7.1/firebase-app-check.js","auth":"https://www.gstatic.com/firebasejs/10.7.1/firebase-auth.js","auth/cordova":"https://www.gstatic.com/firebasejs/10.7.1/firebase-auth/cordova.js","functions":"https://www.gstatic.com/firebasejs/10.7.1/firebase-functions.js","firestore":"https://www.gstatic.com/firebasejs/10.7.1/firebase-firestore.js","firestore/lite":"https://www.gstatic.com/firebasejs/10.7.1/firebase-firestore/lite.js","installations":"https://www.gstatic.com/firebasejs/10.7.1/firebase-installations.js","storage":"https://www.gstatic.com/firebasejs/10.7.1/firebase-storage.js","performance":"https://www.gstatic.com/firebasejs/10.7.1/firebase-performance.js","remote-config":"https://www.gstatic.com/firebasejs/10.7.1/firebase-remote-config.js","messaging":"https://www.gstatic.com/firebasejs/10.7.1/firebase-messaging.js","messaging/sw":"https://www.gstatic.com/firebasejs/10.7.1/firebase-messaging/sw.js","database":"https://www.gstatic.com/firebasejs/10.7.1/firebase-database.js","firestore.memory":"https://www.gstatic.com/firebasejs/10.7.1/firebase-firestore.memory.js"}}
[info] i  Skipping write of public/index.html 
[info] 
[info] i  Didn't detect a .git folder. Assuming C:\Users\arman\Desktop\study\portfolio is the project root. 
[info] i  Authorizing with GitHub to upload your service account to a GitHub repository's secrets store. 
[info] 
[info] Visit this URL on this device to log in:
[info] https://github.com/login/oauth/authorize?client_id=89cf50f02ac6aaed3484&state=980166756&redirect_uri=http%3A%2F%2Flocalhost%3A9005&scope=read%3Auser%20repo%20public_repo
[info] 
[info] Waiting for authentication...
[debug] [2023-12-18T05:30:00.171Z] >>> [apiv2][query] POST https://github.com/login/oauth/access_token [none]
[debug] [2023-12-18T05:30:00.171Z] >>> [apiv2][body] POST https://github.com/login/oauth/access_token [stream]
[debug] [2023-12-18T05:30:00.568Z] <<< [apiv2][status] POST https://github.com/login/oauth/access_token 200
[debug] [2023-12-18T05:30:00.569Z] <<< [apiv2][body] POST https://github.com/login/oauth/access_token {"access_token":"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","token_type":"bearer","scope":"read:user,repo"}
[debug] [2023-12-18T05:30:00.582Z] >>> [apiv2][query] GET https://api.github.com/user [none]
[debug] [2023-12-18T05:30:01.153Z] <<< [apiv2][status] GET https://api.github.com/user 200
[debug] [2023-12-18T05:30:01.153Z] <<< [apiv2][body] GET https://api.github.com/user {"login":"Syfer0","id":125900320,"node_id":"U_kgDOB4EWIA","avatar_url":"https://avatars.githubusercontent.com/u/125900320?v=4","gravatar_id":"","url":"https://api.github.com/users/Syfer0","html_url":"https://github.com/Syfer0","followers_url":"https://api.github.com/users/Syfer0/followers","following_url":"https://api.github.com/users/Syfer0/following{/other_user}","gists_url":"https://api.github.com/users/Syfer0/gists{/gist_id}","starred_url":"https://api.github.com/users/Syfer0/starred{/owner}{/repo}","subscriptions_url":"https://api.github.com/users/Syfer0/subscriptions","organizations_url":"https://api.github.com/users/Syfer0/orgs","repos_url":"https://api.github.com/users/Syfer0/repos","events_url":"https://api.github.com/users/Syfer0/events{/privacy}","received_events_url":"https://api.github.com/users/Syfer0/received_events","type":"User","site_admin":false,"name":"Arman","company":null,"blog":"","location":null,"email":null,"hireable":null,"bio":null,"twitter_username":null,"public_repos":13,"public_gists":0,"followers":3,"following":5,"created_at":"2023-02-20T15:22:30Z","updated_at":"2023-12-12T15:39:41Z","private_gists":0,"total_private_repos":6,"owned_private_repos":6,"disk_usage":31292,"collaborators":1,"two_factor_authentication":false,"plan":{"name":"free","space":976562499,"collaborators":0,"private_repos":10000}}
[info] 
[info] +  Success! Logged into GitHub as Syfer0 
[info] 
